<?xml version="1.0" encoding="UTF-8"?>
<testng-results ignored="0" total="1" passed="1" failed="0" skipped="0">
  <reporter-output>
  </reporter-output>
  <suite started-at="2023-05-13T12:46:26 IST" name="Default suite" finished-at="2023-05-13T12:46:33 IST" duration-ms="7360">
    <groups>
    </groups>
    <test started-at="2023-05-13T12:46:26 IST" name="Default test" finished-at="2023-05-13T12:46:33 IST" duration-ms="7360">
      <class name="apitests.Test44">
        <test-method signature="method()[pri:0, instance:apitests.Test44@593aaf41]" started-at="2023-05-13T12:46:26 IST" name="method" finished-at="2023-05-13T12:46:33 IST" duration-ms="7328" status="PASS">
          <reporter-output>
          </reporter-output>
        </test-method> <!-- method -->
      </class> <!-- apitests.Test44 -->
    </test> <!-- Default test -->
  </suite> <!-- Default suite -->
</testng-results>
